<?xml version="1.0" encoding="UTF-8"?>
<!-- Generated by org.testng.reporters.JUnitReportReporter -->
<testsuite hostname="DESKTOP-UKM7FNT" failures="0" tests="1" name="com.CRM.TestCases.LoginPageTestCase" time="1.248" errors="0" timestamp="2024-07-29T11:51:04 IST" skipped="0">
  <testcase classname="com.CRM.TestCases.LoginPageTestCase" name="validatelogin" time="1.248"/>
  <system-out/>
</testsuite> <!-- com.CRM.TestCases.LoginPageTestCase -->
