<?xml version="1.0" encoding="UTF-8"?>
<!-- Generated by org.testng.reporters.JUnitReportReporter -->
<testsuite hostname="DESKTOP-UKM7FNT" failures="0" tests="1" name="com.CRM.TestCases.AssertionTest" time="0.026" errors="0" timestamp="2024-07-29T11:10:57 IST" skipped="0">
  <testcase classname="com.CRM.TestCases.AssertionTest" name="hardAssertionTest" time="0.026"/>
  <system-out/>
</testsuite> <!-- com.CRM.TestCases.AssertionTest -->
