<?xml version="1.0" encoding="UTF-8"?>
<!-- Generated by org.testng.reporters.JUnitReportReporter -->
<testsuite hostname="DESKTOP-UKM7FNT" failures="0" tests="3" name="com.CRM.TestCases.HomePageTestCase" time="2.285" errors="0" timestamp="2024-07-29T11:51:04 IST" skipped="0">
  <testcase classname="com.CRM.TestCases.HomePageTestCase" name="verifyUrl" time="0.568"/>
  <system-out/>
  <testcase classname="com.CRM.TestCases.HomePageTestCase" name="verifyTitle" time="0.024"/>
  <system-out/>
  <testcase classname="com.CRM.TestCases.HomePageTestCase" name="ValidateSignInLink" time="1.693"/>
  <system-out/>
</testsuite> <!-- com.CRM.TestCases.HomePageTestCase -->
