<?xml version="1.0" encoding="UTF-8"?>
<!-- Generated by org.testng.reporters.JUnitReportReporter -->
<testsuite hostname="DESKTOP-UKM7FNT" failures="0" tests="1" name="mobileElementsScenarios.LongclickGesture" time="33.113" errors="0" timestamp="2024-08-10T18:47:19 IST" skipped="0">
  <testcase classname="mobileElementsScenarios.LongclickGesture" name="longclickTest" time="33.113"/>
  <system-out/>
</testsuite> <!-- mobileElementsScenarios.LongclickGesture -->
