<?xml version="1.0" encoding="UTF-8"?>
<!-- Generated by org.testng.reporters.JUnitReportReporter -->
<testsuite hostname="DESKTOP-UKM7FNT" failures="0" tests="1" name="appiumscenarios.WorkingwithApplication_5" time="60.633" errors="0" timestamp="2024-11-04T19:56:00 IST" skipped="0">
  <testcase classname="appiumscenarios.WorkingwithApplication_5" name="testApp" time="60.633"/>
  <system-out/>
</testsuite> <!-- appiumscenarios.WorkingwithApplication_5 -->
