<?xml version="1.0" encoding="UTF-8"?>
<!-- Generated by org.testng.reporters.JUnitReportReporter -->
<testsuite hostname="DESKTOP-UKM7FNT" failures="0" tests="1" name="mobileElementsScenarios.ScrollGesture" time="38.221" errors="0" timestamp="2024-08-10T19:16:47 IST" skipped="0">
  <testcase classname="mobileElementsScenarios.ScrollGesture" name="scrollTest" time="38.221"/>
  <system-out/>
</testsuite> <!-- mobileElementsScenarios.ScrollGesture -->
