<?xml version="1.0" encoding="UTF-8"?>
<!-- Generated by org.testng.reporters.JUnitReportReporter -->
<testsuite hostname="DESKTOP-UKM7FNT" failures="0" tests="1" name="mobileElementsScenarios.SwipeGestures_6" time="37.346" errors="0" timestamp="2024-08-10T20:22:18 IST" skipped="0">
  <testcase classname="mobileElementsScenarios.SwipeGestures_6" name="testswipe" time="37.346"/>
  <system-out/>
</testsuite> <!-- mobileElementsScenarios.SwipeGestures_6 -->
