<?xml version="1.0" encoding="UTF-8"?>
<!-- Generated by org.testng.reporters.JUnitReportReporter -->
<testsuite hostname="DESKTOP-UKM7FNT" failures="0" tests="1" name="driversession.SessionwithUIAutomator2sessionsclass_2" time="21.860" errors="0" timestamp="2024-11-02T20:40:46 IST" skipped="0">
  <testcase classname="driversession.SessionwithUIAutomator2sessionsclass_2" name="createDriverSession" time="21.860"/>
  <system-out/>
</testsuite> <!-- driversession.SessionwithUIAutomator2sessionsclass_2 -->
