<?xml version="1.0" encoding="UTF-8"?>
<!-- Generated by org.testng.reporters.JUnitReportReporter -->
<testsuite hostname="DESKTOP-UKM7FNT" failures="0" tests="1" name="driversession.DriversessionwithAppPackageNameAppActivityName_3" time="22.676" errors="0" timestamp="2024-11-02T20:45:59 IST" skipped="0">
  <testcase classname="driversession.DriversessionwithAppPackageNameAppActivityName_3" name="createDriverSession" time="22.676"/>
  <system-out/>
</testsuite> <!-- driversession.DriversessionwithAppPackageNameAppActivityName_3 -->
