<?xml version="1.0" encoding="UTF-8"?>
<!-- Generated by org.testng.reporters.JUnitReportReporter -->
<testsuite hostname="DESKTOP-UKM7FNT" failures="0" tests="1" name="driversession.DriversessionwithAppPackageNameAppActivityName" time="27.096" errors="0" timestamp="2024-08-07T00:49:50 IST" skipped="0">
  <testcase classname="driversession.DriversessionwithAppPackageNameAppActivityName" name="createDriverSession" time="27.096"/>
  <system-out/>
</testsuite> <!-- driversession.DriversessionwithAppPackageNameAppActivityName -->
