<?xml version="1.0" encoding="UTF-8"?>
<!-- Generated by org.testng.reporters.JUnitReportReporter -->
<testsuite hostname="DESKTOP-UKM7FNT" failures="0" tests="1" name="appiumscenarios.WorkingwithApplication" time="96.750" errors="0" timestamp="2024-08-13T20:21:27 IST" skipped="0">
  <testcase classname="appiumscenarios.WorkingwithApplication" name="testApp" time="96.750"/>
  <system-out/>
</testsuite> <!-- appiumscenarios.WorkingwithApplication -->
