<?xml version="1.0" encoding="UTF-8"?>
<!-- Generated by org.testng.reporters.JUnitReportReporter -->
<testsuite hostname="DESKTOP-UKM7FNT" failures="0" tests="1" name="appiumscenarios.ToggleNetworkSetup_3" time="29.805" errors="0" timestamp="2024-11-04T19:44:54 IST" skipped="0">
  <testcase classname="appiumscenarios.ToggleNetworkSetup_3" name="testTogglesetup" time="29.805"/>
  <system-out/>
</testsuite> <!-- appiumscenarios.ToggleNetworkSetup_3 -->
