<?xml version="1.0" encoding="UTF-8"?>
<!-- Generated by org.testng.reporters.JUnitReportReporter -->
<testsuite hostname="DESKTOP-UKM7FNT" failures="0" tests="1" name="appiumscenarios.Lock_Unlock_rotate_6" time="20.397" errors="0" timestamp="2024-11-04T19:56:54 IST" skipped="0">
  <testcase classname="appiumscenarios.Lock_Unlock_rotate_6" name="testDevicefunctions" time="20.397"/>
  <system-out/>
</testsuite> <!-- appiumscenarios.Lock_Unlock_rotate_6 -->
