<?xml version="1.0" encoding="UTF-8"?>
<!-- Generated by org.testng.reporters.JUnitReportReporter -->
<testsuite hostname="DESKTOP-UKM7FNT" failures="0" tests="1" name="mobileElementsScenarios.DragGestureTest_5" time="24.846" errors="0" timestamp="2024-11-04T19:15:05 IST" skipped="0">
  <testcase classname="mobileElementsScenarios.DragGestureTest_5" name="testDragGesture" time="24.846"/>
  <system-out/>
</testsuite> <!-- mobileElementsScenarios.DragGestureTest_5 -->
