<?xml version="1.0" encoding="UTF-8"?>
<!-- Generated by org.testng.reporters.JUnitReportReporter -->
<testsuite hostname="DESKTOP-UKM7FNT" failures="0" tests="1" name="driversession.firstdriversession" time="65.877" errors="0" timestamp="2024-11-02T20:39:08 IST" skipped="0">
  <testcase classname="driversession.firstdriversession" name="driversessionTest" time="65.877"/>
  <system-out/>
</testsuite> <!-- driversession.firstdriversession -->
