<?xml version="1.0" encoding="UTF-8"?>
<!-- Generated by org.testng.reporters.JUnitReportReporter -->
<testsuite hostname="DESKTOP-UKM7FNT" failures="0" tests="1" name="mobileElementsScenarios.ClickGesture_2" time="24.820" errors="0" timestamp="2024-08-10T17:50:03 IST" skipped="0">
  <testcase classname="mobileElementsScenarios.ClickGesture_2" name="clickGestureTest" time="24.820"/>
  <system-out/>
</testsuite> <!-- mobileElementsScenarios.ClickGesture_2 -->
