<?xml version="1.0" encoding="UTF-8"?>
<!-- Generated by org.testng.reporters.JUnitReportReporter -->
<testsuite hostname="DESKTOP-UKM7FNT" failures="0" tests="1" name="appiumscenarios.NotificationTesting_2" time="16.760" errors="0" timestamp="2024-11-04T19:42:12 IST" skipped="0">
  <testcase classname="appiumscenarios.NotificationTesting_2" name="testNotificationinAppium" time="16.760"/>
  <system-out/>
</testsuite> <!-- appiumscenarios.NotificationTesting_2 -->
