<?xml version="1.0" encoding="UTF-8"?>
<!-- Generated by org.testng.reporters.JUnitReportReporter -->
<testsuite hostname="DESKTOP-UKM7FNT" failures="0" tests="1" name="mobileElementsScenarios.AlertsInAppium_7" time="28.683" errors="0" timestamp="2024-08-10T21:07:41 IST" skipped="0">
  <testcase classname="mobileElementsScenarios.AlertsInAppium_7" name="testAlert" time="28.683"/>
  <system-out/>
</testsuite> <!-- mobileElementsScenarios.AlertsInAppium_7 -->
