<?xml version="1.0" encoding="UTF-8"?>
<!-- Generated by org.testng.reporters.JUnitReportReporter -->
<testsuite hostname="DESKTOP-UKM7FNT" failures="0" tests="1" name="mobileElementsScenarios.locatorsinappium_1" time="22.851" errors="0" timestamp="2024-11-03T12:43:20 IST" skipped="0">
  <testcase classname="mobileElementsScenarios.locatorsinappium_1" name="testMobileElements" time="22.851"/>
  <system-out/>
</testsuite> <!-- mobileElementsScenarios.locatorsinappium_1 -->
