<?xml version="1.0" encoding="UTF-8"?>
<!-- Generated by org.testng.reporters.JUnitReportReporter -->
<testsuite hostname="DESKTOP-UKM7FNT" failures="0" tests="1" name="mobileElementsScenarios.DragGestureTest" time="33.888" errors="0" timestamp="2024-08-10T19:55:15 IST" skipped="0">
  <testcase classname="mobileElementsScenarios.DragGestureTest" name="testDragGesture" time="33.888"/>
  <system-out/>
</testsuite> <!-- mobileElementsScenarios.DragGestureTest -->
