<?xml version="1.0" encoding="UTF-8"?>
<!-- Generated by org.testng.reporters.JUnitReportReporter -->
<testsuite hostname="DESKTOP-UKM7FNT" failures="0" tests="1" name="appiumscenarios.Assignment2" time="81.834" errors="0" timestamp="2024-08-13T20:23:31 IST" skipped="0">
  <testcase classname="appiumscenarios.Assignment2" name="testforstate" time="81.834"/>
  <system-out/>
</testsuite> <!-- appiumscenarios.Assignment2 -->
