<?xml version="1.0" encoding="UTF-8"?>
<!-- Generated by org.testng.reporters.JUnitReportReporter -->
<testsuite hostname="DESKTOP-UKM7FNT" failures="0" tests="1" name="com.MyTests.D02DemoTestNGclass" time="0.021" errors="0" timestamp="2024-07-28T00:27:52 IST" skipped="0">
  <testcase classname="com.MyTests.D02DemoTestNGclass" name="f" time="0.021"/>
</testsuite> <!-- com.MyTests.D02DemoTestNGclass -->
