<?xml version="1.0" encoding="UTF-8"?>
<!-- Generated by org.testng.reporters.JUnitReportReporter -->
<testsuite hostname="DESKTOP-UKM7FNT" failures="0" tests="2" name="apiscenarios.Dataconversion_9" time="0.551" errors="0" timestamp="2024-11-02T19:23:21 IST" skipped="0">
  <testcase classname="apiscenarios.Dataconversion_9" name="testserialization" time="0.501"/>
  <system-out/>
  <testcase classname="apiscenarios.Dataconversion_9" name="testDeserialization" time="0.050"/>
  <system-out/>
</testsuite> <!-- apiscenarios.Dataconversion_9 -->
