<?xml version="1.0" encoding="UTF-8"?>
<!-- Generated by org.testng.reporters.JUnitReportReporter -->
<testsuite hostname="DESKTOP-UKM7FNT" failures="0" tests="2" name="apiscenarios.Headervalidation_8" time="4.409" errors="0" timestamp="2024-11-02T19:15:11 IST" skipped="0">
  <testcase classname="apiscenarios.Headervalidation_8" name="getAllHeaders" time="4.156"/>
  <system-out/>
  <testcase classname="apiscenarios.Headervalidation_8" name="testHeader" time="0.253"/>
  <system-out/>
</testsuite> <!-- apiscenarios.Headervalidation_8 -->
