<?xml version="1.0" encoding="UTF-8"?>
<!-- Generated by org.testng.reporters.JUnitReportReporter -->
<testsuite hostname="DESKTOP-UKM7FNT" failures="0" tests="1" name="httpBasicRequest.Get_RequestBDD_2" time="5.916" errors="0" timestamp="2024-10-30T20:29:24 IST" skipped="0">
  <testcase classname="httpBasicRequest.Get_RequestBDD_2" name="getListofUsers" time="5.916"/>
  <system-out/>
</testsuite> <!-- httpBasicRequest.Get_RequestBDD_2 -->
