<?xml version="1.0" encoding="UTF-8"?>
<!-- Generated by org.testng.reporters.JUnitReportReporter -->
<testsuite hostname="DESKTOP-UKM7FNT" failures="0" tests="1" name="apiscenarios.AuthenticationDemo" time="8.557" errors="0" timestamp="2024-11-02T19:01:13 IST" skipped="0">
  <testcase classname="apiscenarios.AuthenticationDemo" name="oauth2Test" time="8.557"/>
  <system-out/>
</testsuite> <!-- apiscenarios.AuthenticationDemo -->
