<?xml version="1.0" encoding="UTF-8"?>
<!-- Generated by org.testng.reporters.JUnitReportReporter -->
<testsuite hostname="DESKTOP-UKM7FNT" failures="0" tests="3" name="httpBasicRequest.POST_BDD_3" time="8.097" errors="0" timestamp="2024-10-30T20:33:10 IST" skipped="0">
  <testcase classname="httpBasicRequest.POST_BDD_3" name="PostUsingHashmap" time="6.937"/>
  <system-out/>
  <testcase classname="httpBasicRequest.POST_BDD_3" name="PostUsingPoJo" time="0.685"/>
  <system-out/>
  <testcase classname="httpBasicRequest.POST_BDD_3" name="testpojoresponse" time="0.475"/>
  <system-out/>
</testsuite> <!-- httpBasicRequest.POST_BDD_3 -->
