<?xml version="1.0" encoding="UTF-8"?>
<!-- Generated by org.testng.reporters.JUnitReportReporter -->
<testsuite hostname="DESKTOP-UKM7FNT" failures="0" tests="3" name="httpBasicRequest.create_update_delete_sampleuser5" time="9.683" errors="0" timestamp="2024-10-26T20:05:03 IST" skipped="0">
  <testcase classname="httpBasicRequest.create_update_delete_sampleuser5" name="createuser" time="8.213"/>
  <system-out/>
  <testcase classname="httpBasicRequest.create_update_delete_sampleuser5" name="UpdateSameUser" time="1.002"/>
  <system-out/>
  <testcase classname="httpBasicRequest.create_update_delete_sampleuser5" name="deletesameuser" time="0.468"/>
  <system-out/>
</testsuite> <!-- httpBasicRequest.create_update_delete_sampleuser5 -->
