<?xml version="1.0" encoding="UTF-8"?>
<!-- Generated by org.testng.reporters.JUnitReportReporter -->
<testsuite hostname="DESKTOP-UKM7FNT" failures="0" tests="1" name="httpBasicRequest.GetWithoutBDD" time="7.091" errors="0" timestamp="2024-07-29T22:58:25 IST" skipped="0">
  <testcase classname="httpBasicRequest.GetWithoutBDD" name="getallusers" time="7.091"/>
  <system-out/>
</testsuite> <!-- httpBasicRequest.GetWithoutBDD -->
