<?xml version="1.0" encoding="UTF-8"?>
<!-- Generated by org.testng.reporters.JUnitReportReporter -->
<testsuite hostname="DESKTOP-UKM7FNT" failures="0" tests="1" name="httpBasicRequest.RetrieveUserlist" time="5.818" errors="0" timestamp="2024-10-26T20:02:53 IST" skipped="0">
  <testcase classname="httpBasicRequest.RetrieveUserlist" name="list" time="5.818"/>
  <system-out/>
</testsuite> <!-- httpBasicRequest.RetrieveUserlist -->
