<?xml version="1.0" encoding="UTF-8"?>
<!-- Generated by org.testng.reporters.JUnitReportReporter -->
<testsuite hostname="DESKTOP-UKM7FNT" failures="0" tests="2" name="apiscenarios.cookiesvaidation_7" time="4.309" errors="0" timestamp="2024-11-02T19:12:19 IST" skipped="0">
  <testcase classname="apiscenarios.cookiesvaidation_7" name="getAllcookies" time="4.081"/>
  <system-out/>
  <testcase classname="apiscenarios.cookiesvaidation_7" name="getSingleCookie" time="0.228"/>
  <system-out/>
</testsuite> <!-- apiscenarios.cookiesvaidation_7 -->
