<?xml version="1.0" encoding="UTF-8"?>
<!-- Generated by org.testng.reporters.JUnitReportReporter -->
<testsuite hostname="DESKTOP-UKM7FNT" failures="0" tests="1" name="httpBasicRequest.POST_BDD" time="7.994" errors="0" timestamp="2024-07-30T00:29:07 IST" skipped="0">
  <testcase classname="httpBasicRequest.POST_BDD" name="PostUsingHashmap" time="7.994"/>
  <system-out/>
</testsuite> <!-- httpBasicRequest.POST_BDD -->
