<?xml version="1.0" encoding="UTF-8"?>
<!-- Generated by org.testng.reporters.JUnitReportReporter -->
<testsuite hostname="DESKTOP-UKM7FNT" failures="0" tests="1" name="httpBasicRequest.PUT_DELETE_4" time="3.812" errors="0" timestamp="2024-08-03T23:21:33 IST" skipped="0">
  <testcase classname="httpBasicRequest.PUT_DELETE_4" name="delete" time="3.812"/>
  <system-out/>
</testsuite> <!-- httpBasicRequest.PUT_DELETE_4 -->
