<?xml version="1.0" encoding="UTF-8"?>
<!-- Generated by org.testng.reporters.JUnitReportReporter -->
<testsuite hostname="DESKTOP-UKM7FNT" failures="0" tests="2" name="httpBasicRequest.GetWithoutBDD_1" time="7.498" errors="0" timestamp="2024-10-30T20:17:30 IST" skipped="0">
  <testcase classname="httpBasicRequest.GetWithoutBDD_1" name="getallusers" time="7.078"/>
  <system-out/>
  <testcase classname="httpBasicRequest.GetWithoutBDD_1" name="singleuser" time="0.420"/>
  <system-out/>
</testsuite> <!-- httpBasicRequest.GetWithoutBDD_1 -->
