<?xml version="1.0" encoding="UTF-8"?>
<!-- Generated by org.testng.reporters.JUnitReportReporter -->
<testsuite hostname="DESKTOP-UKM7FNT" failures="0" tests="3" name="scenario2.LoginpageTest" time="2.919" errors="0" timestamp="2024-09-01T23:55:41 IST" skipped="0">
  <testcase classname="scenario2.LoginpageTest" name="verifyTitle" time="0.029"/>
  <testcase classname="scenario2.LoginpageTest" name="verifyLogin" time="2.878"/>
  <testcase classname="scenario2.LoginpageTest" name="verifyCurrentUrl" time="0.012"/>
</testsuite> <!-- scenario2.LoginpageTest -->
