<?xml version="1.0" encoding="UTF-8"?>
<!-- Generated by org.testng.reporters.JUnitReportReporter -->
<testsuite hostname="DESKTOP-UKM7FNT" failures="0" tests="1" name="scenario2.DropDownAutomation" time="22.694" errors="0" timestamp="2024-08-23T20:52:25 IST" skipped="0">
  <testcase classname="scenario2.DropDownAutomation" name="testcase" time="22.694"/>
</testsuite> <!-- scenario2.DropDownAutomation -->
