<?xml version="1.0" encoding="UTF-8"?>
<!-- Generated by org.testng.reporters.JUnitReportReporter -->
<testsuite hostname="DESKTOP-UKM7FNT" failures="0" tests="4" name="scenario2.Module2_Admin" time="12.005" errors="0" timestamp="2024-09-01T23:57:59 IST" skipped="0">
  <testcase classname="scenario2.Module2_Admin" name="verifyAdmin" time="1.990"/>
  <testcase classname="scenario2.Module2_Admin" name="VerifySearchWithUsername" time="4.108"/>
  <testcase classname="scenario2.Module2_Admin" name="VerifySearchWithUserRole" time="3.125"/>
  <testcase classname="scenario2.Module2_Admin" name="VerifySearchWithUserStatus" time="2.782"/>
</testsuite> <!-- scenario2.Module2_Admin -->
